0 info it worked if it ends with ok
1 verbose cli [ 'D:\\Program Files\\nodejs\\node.exe',
1 verbose cli   'D:\\Program Files\\nodejs\\node_modules\\npm\\bin\\npm-cli.js',
1 verbose cli   'run',
1 verbose cli   'build' ]
2 info using npm@2.14.12
3 info using node@v4.2.6
4 verbose stack Error: ENOENT: no such file or directory, open 'F:\shjztech\trunk\shjz\package.json'
4 verbose stack     at Error (native)
5 verbose cwd F:\shjztech\trunk\shjz
6 error Windows_NT 6.1.7601
7 error argv "D:\\Program Files\\nodejs\\node.exe" "D:\\Program Files\\nodejs\\node_modules\\npm\\bin\\npm-cli.js" "run" "build"
8 error node v4.2.6
9 error npm  v2.14.12
10 error path F:\shjztech\trunk\shjz\package.json
11 error code ENOENT
12 error errno -4058
13 error syscall open
14 error enoent ENOENT: no such file or directory, open 'F:\shjztech\trunk\shjz\package.json'
14 error enoent This is most likely not a problem with npm itself
14 error enoent and is related to npm not being able to find a file.
15 verbose exit [ -4058, true ]
